android/app/build/intermediates/manifest_merge_blame_file/debug/manifest-merger-blame-debug-report.txt
1<?xml version="1.0" encoding="utf-8"?>
2<manifest xmlns:android="http://schemas.android.com/apk/res/android"
3    package="com.rntest"
4    android:versionCode="1"
5    android:versionName="1.0" >
6
7    <uses-sdk
8        android:minSdkVersion="21"
9        android:targetSdkVersion="28" />
10
11    <uses-permission android:name="android.permission.SYSTEM_ALERT_WINDOW" />
11-->src\main\AndroidManifest.xml:3:3-75
11-->src\main\AndroidManifest.xml:3:20-73
12    <uses-permission android:name="android.permission.INTERNET" /> <!-- OPTIONAL PERMISSIONS, REMOVE WHATEVER YOU DO NOT NEED -->
12-->src\main\AndroidManifest.xml:2:3-64
12-->src\main\AndroidManifest.xml:2:20-62
13    <uses-permission android:name="android.permission.MANAGE_DOCUMENTS" />
13-->src\main\AndroidManifest.xml:5:3-72
13-->src\main\AndroidManifest.xml:5:20-70
14    <uses-permission android:name="android.permission.READ_INTERNAL_STORAGE" />
14-->src\main\AndroidManifest.xml:6:3-77
14-->src\main\AndroidManifest.xml:6:20-75
15    <uses-permission android:name="android.permission.READ_PHONE_STATE" />
15-->src\main\AndroidManifest.xml:7:3-72
15-->src\main\AndroidManifest.xml:7:20-70
16    <uses-permission android:name="android.permission.USE_FINGERPRINT" />
16-->src\main\AndroidManifest.xml:8:3-71
16-->src\main\AndroidManifest.xml:8:20-69
17    <uses-permission android:name="android.permission.VIBRATE" />
17-->src\main\AndroidManifest.xml:9:3-63
17-->src\main\AndroidManifest.xml:9:20-61
18    <uses-permission android:name="android.permission.MODIFY_AUDIO_SETTINGS" /> <!-- These require runtime permissions on M -->
18-->src\main\AndroidManifest.xml:10:3-77
18-->src\main\AndroidManifest.xml:10:20-75
19    <uses-permission android:name="android.permission.ACCESS_COARSE_LOCATION" />
19-->src\main\AndroidManifest.xml:12:3-78
19-->src\main\AndroidManifest.xml:12:20-76
20    <uses-permission android:name="android.permission.ACCESS_FINE_LOCATION" />
20-->src\main\AndroidManifest.xml:13:3-76
20-->src\main\AndroidManifest.xml:13:20-74
21    <uses-permission android:name="android.permission.CAMERA" />
21-->src\main\AndroidManifest.xml:14:3-62
21-->src\main\AndroidManifest.xml:14:20-60
22    <uses-permission android:name="android.permission.READ_CONTACTS" />
22-->src\main\AndroidManifest.xml:15:3-69
22-->src\main\AndroidManifest.xml:15:20-67
23    <uses-permission android:name="android.permission.READ_CALENDAR" />
23-->src\main\AndroidManifest.xml:16:3-69
23-->src\main\AndroidManifest.xml:16:20-67
24    <uses-permission android:name="android.permission.WRITE_CALENDAR" />
24-->src\main\AndroidManifest.xml:17:3-70
24-->src\main\AndroidManifest.xml:17:20-68
25    <uses-permission android:name="android.permission.READ_EXTERNAL_STORAGE" />
25-->src\main\AndroidManifest.xml:18:3-77
25-->src\main\AndroidManifest.xml:18:20-75
26    <uses-permission android:name="android.permission.RECORD_AUDIO" />
26-->src\main\AndroidManifest.xml:19:3-68
26-->src\main\AndroidManifest.xml:19:20-66
27    <uses-permission android:name="android.permission.WRITE_EXTERNAL_STORAGE" />
27-->src\main\AndroidManifest.xml:20:3-78
27-->src\main\AndroidManifest.xml:20:20-76
28    <uses-permission android:name="android.permission.WRITE_SETTINGS" />
28-->src\main\AndroidManifest.xml:21:3-70
28-->src\main\AndroidManifest.xml:21:20-68
29    <uses-permission android:name="android.permission.ACCESS_WIFI_STATE" />
29-->[com.facebook.flipper:flipper:0.33.1] AndroidManifest.xml:16:5-76
29-->[com.facebook.flipper:flipper:0.33.1] AndroidManifest.xml:16:22-73
30    <uses-permission android:name="android.permission.ACCESS_NETWORK_STATE" />
30-->[:expo-updates] AndroidManifest.xml:11:5-79
30-->[:expo-updates] AndroidManifest.xml:11:22-76
31    <uses-permission android:name="android.permission.WAKE_LOCK" />
31-->[:react-native-track-player] AndroidManifest.xml:11:5-68
31-->[:react-native-track-player] AndroidManifest.xml:11:22-65
32    <uses-permission android:name="android.permission.FOREGROUND_SERVICE" />
32-->[:react-native-track-player] AndroidManifest.xml:12:5-77
32-->[:react-native-track-player] AndroidManifest.xml:12:22-74
33    <uses-permission android:name="android.permission.STORAGE" />
33-->[:expo-file-system] AndroidManifest.xml:15:5-66
33-->[:expo-file-system] AndroidManifest.xml:15:22-63
34    <uses-permission android:name="com.google.android.providers.gsf.permission.READ_GSERVICES" />
34-->[io.nlopez.smartlocation:library:3.2.11] AndroidManifest.xml:15:5-98
34-->[io.nlopez.smartlocation:library:3.2.11] AndroidManifest.xml:15:22-95
35    <uses-permission android:name="com.google.android.gms.permission.ACTIVITY_RECOGNITION" />
35-->[io.nlopez.smartlocation:library:3.2.11] AndroidManifest.xml:16:5-94
35-->[io.nlopez.smartlocation:library:3.2.11] AndroidManifest.xml:16:22-91
36
37    <application
37-->src\main\AndroidManifest.xml:23:3-47:17
38        android:name="com.rntest.MainApplication"
38-->src\main\AndroidManifest.xml:24:5-36
39        android:allowBackup="false"
39-->src\main\AndroidManifest.xml:28:5-32
40        android:appComponentFactory="androidx.core.app.CoreComponentFactory"
40-->[androidx.core:core:1.5.0-alpha02] AndroidManifest.xml:24:18-86
41        android:debuggable="true"
42        android:icon="@mipmap/ic_launcher"
42-->src\main\AndroidManifest.xml:26:5-39
43        android:label="@string/app_name"
43-->src\main\AndroidManifest.xml:25:5-37
44        android:roundIcon="@mipmap/ic_launcher_round"
44-->src\main\AndroidManifest.xml:27:5-50
45        android:theme="@style/AppTheme"
45-->src\main\AndroidManifest.xml:29:5-36
46        android:usesCleartextTraffic="true" >
46-->src\debug\AndroidManifest.xml:6:18-53
47        <meta-data
47-->src\main\AndroidManifest.xml:31:5-103
48            android:name="expo.modules.updates.EXPO_UPDATE_URL"
48-->src\main\AndroidManifest.xml:31:16-67
49            android:value="YOUR-APP-URL-HERE" />
49-->src\main\AndroidManifest.xml:31:68-101
50        <meta-data
50-->src\main\AndroidManifest.xml:32:5-112
51            android:name="expo.modules.updates.EXPO_SDK_VERSION"
51-->src\main\AndroidManifest.xml:32:16-68
52            android:value="YOUR-APP-SDK-VERSION-HERE" />
52-->src\main\AndroidManifest.xml:32:69-110
53
54        <activity
54-->src\main\AndroidManifest.xml:33:5-45:16
55            android:name="com.rntest.MainActivity"
55-->src\main\AndroidManifest.xml:34:7-35
56            android:configChanges="keyboard|keyboardHidden|orientation|screenSize|uiMode"
56-->src\main\AndroidManifest.xml:36:7-84
57            android:label="@string/app_name"
57-->src\main\AndroidManifest.xml:35:7-39
58            android:launchMode="singleTask"
58-->src\main\AndroidManifest.xml:37:7-38
59            android:theme="@style/Theme.App.SplashScreen"
59-->src\main\AndroidManifest.xml:39:7-52
60            android:windowSoftInputMode="adjustResize" >
60-->src\main\AndroidManifest.xml:38:7-49
61            <intent-filter>
61-->src\main\AndroidManifest.xml:41:7-44:23
62                <action android:name="android.intent.action.MAIN" />
62-->src\main\AndroidManifest.xml:42:9-60
62-->src\main\AndroidManifest.xml:42:17-58
63
64                <category android:name="android.intent.category.LAUNCHER" />
64-->src\main\AndroidManifest.xml:43:9-68
64-->src\main\AndroidManifest.xml:43:19-66
65            </intent-filter>
66        </activity>
67        <activity android:name="com.facebook.react.devsupport.DevSettingsActivity" />
67-->src\main\AndroidManifest.xml:46:5-81
67-->src\main\AndroidManifest.xml:46:15-79
68
69        <meta-data
69-->[:unimodules-react-native-adapter] AndroidManifest.xml:12:9-14:91
70            android:name="org.unimodules.core.AppLoader#react-native-headless"
70-->[:unimodules-react-native-adapter] AndroidManifest.xml:13:13-79
71            android:value="org.unimodules.adapters.react.apploader.RNHeadlessAppLoader" /> <!-- The main service, handles playback, playlists and media buttons -->
71-->[:unimodules-react-native-adapter] AndroidManifest.xml:14:13-88
72        <service
72-->[:react-native-track-player] AndroidManifest.xml:17:9-24:19
73            android:name="com.guichaguri.trackplayer.service.MusicService"
73-->[:react-native-track-player] AndroidManifest.xml:18:13-75
74            android:enabled="true"
74-->[:react-native-track-player] AndroidManifest.xml:19:13-35
75            android:exported="true" >
75-->[:react-native-track-player] AndroidManifest.xml:20:13-36
76            <intent-filter>
76-->[:react-native-track-player] AndroidManifest.xml:21:13-23:29
77                <action android:name="android.intent.action.MEDIA_BUTTON" />
77-->[:react-native-track-player] AndroidManifest.xml:22:17-77
77-->[:react-native-track-player] AndroidManifest.xml:22:25-74
78            </intent-filter>
79        </service> <!-- A receiver that will receive media buttons. Required on pre-lollipop devices -->
80        <receiver android:name="androidx.media.session.MediaButtonReceiver" >
80-->[:react-native-track-player] AndroidManifest.xml:27:9-31:20
80-->[:react-native-track-player] AndroidManifest.xml:27:19-76
81            <intent-filter>
81-->[:react-native-track-player] AndroidManifest.xml:21:13-23:29
82                <action android:name="android.intent.action.MEDIA_BUTTON" />
82-->[:react-native-track-player] AndroidManifest.xml:22:17-77
82-->[:react-native-track-player] AndroidManifest.xml:22:25-74
83            </intent-filter>
84        </receiver>
85
86        <provider
86-->[:expo-file-system] AndroidManifest.xml:18:9-27:20
87            android:name="expo.modules.filesystem.FileSystemFileProvider"
87-->[:expo-file-system] AndroidManifest.xml:19:13-74
88            android:authorities="com.rntest.FileSystemFileProvider"
88-->[:expo-file-system] AndroidManifest.xml:20:13-74
89            android:exported="false"
89-->[:expo-file-system] AndroidManifest.xml:21:13-37
90            android:grantUriPermissions="true" >
90-->[:expo-file-system] AndroidManifest.xml:22:13-47
91            <meta-data
91-->[:expo-file-system] AndroidManifest.xml:24:13-26:70
92                android:name="android.support.FILE_PROVIDER_PATHS"
92-->[:expo-file-system] AndroidManifest.xml:25:17-67
93                android:resource="@xml/file_system_provider_paths" />
93-->[:expo-file-system] AndroidManifest.xml:26:17-67
94        </provider>
95
96        <service
96-->[:expo-location] AndroidManifest.xml:16:9-18:40
97            android:name="expo.modules.location.services.LocationTaskService"
97-->[:expo-location] AndroidManifest.xml:17:13-78
98            android:exported="false" />
98-->[:expo-location] AndroidManifest.xml:18:13-37
99
100        <activity
100-->[com.google.android.gms:play-services-base:16.0.1] AndroidManifest.xml:23:9-26:75
101            android:name="com.google.android.gms.common.api.GoogleApiActivity"
101-->[com.google.android.gms:play-services-base:16.0.1] AndroidManifest.xml:24:13-79
102            android:exported="false"
102-->[com.google.android.gms:play-services-base:16.0.1] AndroidManifest.xml:25:13-37
103            android:theme="@android:style/Theme.Translucent.NoTitleBar" />
103-->[com.google.android.gms:play-services-base:16.0.1] AndroidManifest.xml:26:13-72
104
105        <meta-data
105-->[com.google.android.gms:play-services-basement:16.0.1] AndroidManifest.xml:23:9-25:69
106            android:name="com.google.android.gms.version"
106-->[com.google.android.gms:play-services-basement:16.0.1] AndroidManifest.xml:24:13-58
107            android:value="@integer/google_play_services_version" />
107-->[com.google.android.gms:play-services-basement:16.0.1] AndroidManifest.xml:25:13-66
108
109        <service
109-->[androidx.room:room-runtime:2.1.0] AndroidManifest.xml:25:9-27:40
110            android:name="androidx.room.MultiInstanceInvalidationService"
110-->[androidx.room:room-runtime:2.1.0] AndroidManifest.xml:26:13-74
111            android:exported="false" />
111-->[androidx.room:room-runtime:2.1.0] AndroidManifest.xml:27:13-37
112        <service
112-->[io.nlopez.smartlocation:library:3.2.11] AndroidManifest.xml:19:9-21:40
113            android:name="io.nlopez.smartlocation.activity.providers.ActivityGooglePlayServicesProvider$ActivityRecognitionService"
113-->[io.nlopez.smartlocation:library:3.2.11] AndroidManifest.xml:20:13-132
114            android:exported="false" />
114-->[io.nlopez.smartlocation:library:3.2.11] AndroidManifest.xml:21:13-37
115        <service
115-->[io.nlopez.smartlocation:library:3.2.11] AndroidManifest.xml:22:9-24:40
116            android:name="io.nlopez.smartlocation.geofencing.providers.GeofencingGooglePlayServicesProvider$GeofencingService"
116-->[io.nlopez.smartlocation:library:3.2.11] AndroidManifest.xml:23:13-127
117            android:exported="false" />
117-->[io.nlopez.smartlocation:library:3.2.11] AndroidManifest.xml:24:13-37
118        <service
118-->[io.nlopez.smartlocation:library:3.2.11] AndroidManifest.xml:25:9-27:40
119            android:name="io.nlopez.smartlocation.geocoding.providers.AndroidGeocodingProvider$AndroidGeocodingService"
119-->[io.nlopez.smartlocation:library:3.2.11] AndroidManifest.xml:26:13-120
120            android:exported="false" />
120-->[io.nlopez.smartlocation:library:3.2.11] AndroidManifest.xml:27:13-37
121    </application>
122
123</manifest>